<?xml version="1.0" encoding="UTF-8"?>
<testng-results skipped="0" failed="0" ignored="0" total="3" passed="3">
  <reporter-output>
  </reporter-output>
  <suite name="Default suite" duration-ms="138240" started-at="2019-08-06T10:44:08Z" finished-at="2019-08-06T10:46:26Z">
    <groups>
    </groups>
    <test name="Default test" duration-ms="138240" started-at="2019-08-06T10:44:08Z" finished-at="2019-08-06T10:46:26Z">
      <class name="handson.handson.Selenium2">
        <test-method status="PASS" signature="startReport()[pri:1, instance:handson.handson.Selenium2@604ed9f0]" name="startReport" duration-ms="441" started-at="2019-08-06T10:44:08Z" finished-at="2019-08-06T10:44:08Z">
          <reporter-output>
          </reporter-output>
        </test-method> <!-- startReport -->
        <test-method status="PASS" signature="f()[pri:2, instance:handson.handson.Selenium2@604ed9f0]" name="f" duration-ms="69431" started-at="2019-08-06T10:44:08Z" finished-at="2019-08-06T10:45:18Z">
          <reporter-output>
          </reporter-output>
        </test-method> <!-- f -->
        <test-method status="PASS" signature="login()[pri:3, instance:handson.handson.Selenium2@604ed9f0]" name="login" duration-ms="68286" started-at="2019-08-06T10:45:18Z" finished-at="2019-08-06T10:46:26Z">
          <reporter-output>
          </reporter-output>
        </test-method> <!-- login -->
      </class> <!-- handson.handson.Selenium2 -->
    </test> <!-- Default test -->
  </suite> <!-- Default suite -->
</testng-results>
